C51 COMPILER V9.60.7.0   MAIN                                                              10/19/2023 23:38:48 PAGE 1   


C51 COMPILER V9.60.7.0, COMPILATION OF MODULE MAIN
OBJECT MODULE PLACED IN .\Objects\main.obj
COMPILER INVOKED BY: C:\Keil_v5\C51\BIN\C51.EXE main.c OPTIMIZE(8,SPEED) BROWSE DEBUG OBJECTEXTEND PRINT(.\Listings\main
                    -.lst) TABS(2) OBJECT(.\Objects\main.obj)

line level    source

   1          #include <REGX52.H>
   2          
   3          typedef unsigned int u16; //对系统默认数据类型进行重定义
   4          typedef unsigned char u8;
   5          
   6          
   7          sbit LED1=P2^0;//定义LED1管脚
   8          sbit KEY3=P3^2;//定义独立按键K3控制脚
   9          
  10          void Delay100ms()   //@12.000MHz
  11          {
  12   1        unsigned char data i, j;
  13   1      
  14   1        i = 195;
  15   1        j = 138;
  16   1        do
  17   1        {
  18   2          while (--j);
  19   2        } while (--i);
  20   1      }
  21          
  22          
  23          void exti0_init(void)
  24          {
  25   1        IT0=1;//跳变沿触发方式（下降沿）
  26   1        EX0=1;//打开INT0的中断允许
  27   1        EA=1;//打开总中断
  28   1      }
  29          
  30          void main()
  31          { 
  32   1        exti0_init();//外部中断0配置
  33   1      
  34   1        while(1)
  35   1        {     
  36   2                    
  37   2        }   
  38   1      }
  39          
  40          void exti0() interrupt 0 //外部中断0中断函数
  41          {
  42   1        Delay100ms();//消斗
  43   1        if(KEY3==0)//再次判断K3键是否按下
  44   1          LED1=!LED1;//LED1状态翻转         
  45   1      }


MODULE INFORMATION:   STATIC OVERLAYABLE
   CODE SIZE        =     45    ----
   CONSTANT SIZE    =   ----    ----
   XDATA SIZE       =   ----    ----
   PDATA SIZE       =   ----    ----
   DATA SIZE        =   ----    ----
   IDATA SIZE       =   ----    ----
C51 COMPILER V9.60.7.0   MAIN                                                              10/19/2023 23:38:48 PAGE 2   

   BIT SIZE         =   ----    ----
END OF MODULE INFORMATION.


C51 COMPILATION COMPLETE.  0 WARNING(S),  0 ERROR(S)
