C51 COMPILER V9.60.7.0   MAIN                                                              10/26/2023 00:30:53 PAGE 1   


C51 COMPILER V9.60.7.0, COMPILATION OF MODULE MAIN
OBJECT MODULE PLACED IN .\Objects\main.obj
COMPILER INVOKED BY: C:\Keil_v5\C51\BIN\C51.EXE main.c OPTIMIZE(8,SPEED) BROWSE INCDIR(..\4.ADC) DEBUG OBJECTEXTEND PRIN
                    -T(.\Listings\main.lst) TABS(2) OBJECT(.\Objects\main.obj)

line level    source

   1          #include <REGX52.H>
   2          #include "LCD1602.h"   //正在写
   3          #include "Delay.h"     //写了一点，应该就那些吧
   4          #include "XPT2046.h"
   5          
   6          unsigned int ADValue;
   7          
   8          void main()
   9          {
  10   1        LCD_Init();
  11   1      //  LCD_ShowChar(1,1,0x41);
  12   1        LCD_ShowString(1,1,"ADJ NTC RG");
  13   1      //  LCD_ShowNum(1,9,66,2);
  14   1      //  LCD_ShowSignedNum(1,12,-88,2);
  15   1      //  LCD_ShowHexNum(2,1,0xA5,2);
  16   1      //  LCD_ShowBinNum(2,4,0xA5,8);
  17   1      //  LCD_ShowChar(2,13,0xDF);
  18   1      //  LCD_ShowChar(2,14,'C');
  19   1      //  LCD_ShowString(1,16,"Welcome to China!");
  20   1        while(1)
  21   1        {
  22   2          ADValue=XPT2046_ReadAD(XPT2046_XP_8);
  23   2          Delay(10);
  24   2          LCD_ShowNum(2,1,ADValue,3);
  25   2          
  26   2          ADValue=XPT2046_ReadAD(XPT2046_YP_8);
  27   2          Delay(10);
  28   2          LCD_ShowNum(2,5,ADValue,3);   
  29   2          
  30   2          ADValue=XPT2046_ReadAD(XPT2046_VBAT_8);
  31   2          Delay(10);
  32   2          LCD_ShowNum(2,9,ADValue,3);
  33   2      //    LCD_WriteCommand(0x18);
  34   2      //    Delay(500);     //@12.000MHz
  35   2        }
  36   1      }


MODULE INFORMATION:   STATIC OVERLAYABLE
   CODE SIZE        =    108    ----
   CONSTANT SIZE    =     11    ----
   XDATA SIZE       =   ----    ----
   PDATA SIZE       =   ----    ----
   DATA SIZE        =      2    ----
   IDATA SIZE       =   ----    ----
   BIT SIZE         =   ----    ----
END OF MODULE INFORMATION.


C51 COMPILATION COMPLETE.  0 WARNING(S),  0 ERROR(S)
